<?xml version="1.0" encoding="UTF-8"?>
<!-- Generated by org.testng.reporters.JUnitReportReporter -->
<testsuite hostname="LAPTOP-FP0GHEVJ" failures="0" tests="1" name="com.cybertek.tests.day13_pom.PageSubtitleTest" time="16.377" errors="0" timestamp="2020-09-27T23:50:07 BST" skipped="0">
  <testcase classname="com.cybertek.tests.day13_pom.PageSubtitleTest" name="test1" time="16.377"/>
  <system-out/>
</testsuite> <!-- com.cybertek.tests.day13_pom.PageSubtitleTest -->
