<?xml version="1.0" encoding="UTF-8"?>
<!-- Generated by org.testng.reporters.JUnitReportReporter -->
<testsuite hostname="LAPTOP-FP0GHEVJ" failures="0" tests="2" name="com.cybertek.tests.day7_testng.TestNGAssertionDemo" time="14.739" errors="0" timestamp="2020-09-02T21:36:49 BST" skipped="1">
  <testcase classname="com.cybertek.tests.day7_testng.TestNGAssertionDemo" name="mackolik" time="14.739"/>
  <system-out/>
  <testcase classname="com.cybertek.tests.day7_testng.TestNGAssertionDemo" name="test1">
    <skipped/>
  </testcase> <!-- test1 -->
  <system-out/>
</testsuite> <!-- com.cybertek.tests.day7_testng.TestNGAssertionDemo -->
